[2025-08-21 07:42:33] laravel.EMERGENCY: Unable to create configured logger. Using emergency logger. {"exception":"[object] (InvalidArgumentException(code: 0): Log [] is not defined. at /home/arbi/Desktop/hirealoo/notifyre-laravel/vendor/laravel/framework/src/Illuminate/Log/LogManager.php:222)
[stacktrace]
#0 /home/arbi/Desktop/hirealoo/notifyre-laravel/vendor/laravel/framework/src/Illuminate/Log/LogManager.php(138): Illuminate\\Log\\LogManager->resolve()
#1 /home/arbi/Desktop/hirealoo/notifyre-laravel/vendor/laravel/framework/src/Illuminate/Log/LogManager.php(125): Illuminate\\Log\\LogManager->get()
#2 /home/arbi/Desktop/hirealoo/notifyre-laravel/vendor/laravel/framework/src/Illuminate/Log/LogManager.php(744): Illuminate\\Log\\LogManager->driver()
#3 /home/arbi/Desktop/hirealoo/notifyre-laravel/vendor/laravel/framework/src/Illuminate/Support/Facades/Facade.php(363): Illuminate\\Log\\LogManager->info()
#4 /home/arbi/Desktop/hirealoo/notifyre-laravel/src/Services/Drivers/LogDriver.php(14): Illuminate\\Support\\Facades\\Facade::__callStatic()
#5 /home/arbi/Desktop/hirealoo/notifyre-laravel/src/Services/NotifyreService.php(24): Arbi\\Notifyre\\Services\\Drivers\\LogDriver->send()
#6 /home/arbi/Desktop/hirealoo/notifyre-laravel/tests/Feature/NotifyreIntegrationTest.php(41): Arbi\\Notifyre\\Services\\NotifyreService->send()
#7 /home/arbi/Desktop/hirealoo/notifyre-laravel/vendor/pestphp/pest/src/Factories/TestCaseMethodFactory.php(168): P\\Tests\\Feature\\NotifyreIntegrationTest->{closure:{closure:/home/arbi/Desktop/hirealoo/notifyre-laravel/tests/Feature/NotifyreIntegrationTest.php:18}:29}()
#8 [internal function]: P\\Tests\\Feature\\NotifyreIntegrationTest->{closure:Pest\\Factories\\TestCaseMethodFactory::getClosure():158}()
#9 /home/arbi/Desktop/hirealoo/notifyre-laravel/vendor/pestphp/pest/src/Concerns/Testable.php(419): call_user_func_array()
#10 /home/arbi/Desktop/hirealoo/notifyre-laravel/vendor/pestphp/pest/src/Support/ExceptionTrace.php(26): P\\Tests\\Feature\\NotifyreIntegrationTest->{closure:Pest\\Concerns\\Testable::__callClosure():419}()
#11 /home/arbi/Desktop/hirealoo/notifyre-laravel/vendor/pestphp/pest/src/Concerns/Testable.php(419): Pest\\Support\\ExceptionTrace::ensure()
#12 /home/arbi/Desktop/hirealoo/notifyre-laravel/vendor/pestphp/pest/src/Concerns/Testable.php(321): P\\Tests\\Feature\\NotifyreIntegrationTest->__callClosure()
#13 /home/arbi/Desktop/hirealoo/notifyre-laravel/vendor/pestphp/pest/src/Factories/TestCaseFactory.php(169) : eval()'d code(17): P\\Tests\\Feature\\NotifyreIntegrationTest->__runTest()
#14 /home/arbi/Desktop/hirealoo/notifyre-laravel/vendor/phpunit/phpunit/src/Framework/TestCase.php(1656): P\\Tests\\Feature\\NotifyreIntegrationTest->__pest_evaluable__Notifyre_Integration__→_it_sends_SMS_through_complete_flow_with_log_driver()
#15 /home/arbi/Desktop/hirealoo/notifyre-laravel/vendor/phpunit/phpunit/src/Framework/TestCase.php(514): PHPUnit\\Framework\\TestCase->runTest()
#16 /home/arbi/Desktop/hirealoo/notifyre-laravel/vendor/phpunit/phpunit/src/Framework/TestRunner/TestRunner.php(87): PHPUnit\\Framework\\TestCase->runBare()
#17 /home/arbi/Desktop/hirealoo/notifyre-laravel/vendor/phpunit/phpunit/src/Framework/TestCase.php(361): PHPUnit\\Framework\\TestRunner->run()
#18 /home/arbi/Desktop/hirealoo/notifyre-laravel/vendor/phpunit/phpunit/src/Framework/TestSuite.php(369): PHPUnit\\Framework\\TestCase->run()
#19 /home/arbi/Desktop/hirealoo/notifyre-laravel/vendor/phpunit/phpunit/src/Framework/TestSuite.php(369): PHPUnit\\Framework\\TestSuite->run()
#20 /home/arbi/Desktop/hirealoo/notifyre-laravel/vendor/phpunit/phpunit/src/Framework/TestSuite.php(369): PHPUnit\\Framework\\TestSuite->run()
#21 /home/arbi/Desktop/hirealoo/notifyre-laravel/vendor/phpunit/phpunit/src/TextUI/TestRunner.php(64): PHPUnit\\Framework\\TestSuite->run()
#22 /home/arbi/Desktop/hirealoo/notifyre-laravel/vendor/phpunit/phpunit/src/TextUI/Application.php(211): PHPUnit\\TextUI\\TestRunner->run()
#23 /home/arbi/Desktop/hirealoo/notifyre-laravel/vendor/pestphp/pest/src/Kernel.php(103): PHPUnit\\TextUI\\Application->run()
#24 /home/arbi/Desktop/hirealoo/notifyre-laravel/vendor/pestphp/pest/bin/pest(184): Pest\\Kernel->handle()
#25 /home/arbi/Desktop/hirealoo/notifyre-laravel/vendor/pestphp/pest/bin/pest(192): {closure:/home/arbi/Desktop/hirealoo/notifyre-laravel/vendor/pestphp/pest/bin/pest:18}()
#26 /home/arbi/Desktop/hirealoo/notifyre-laravel/vendor/bin/pest(119): include('...')
#27 {main}
"} 
[2025-08-21 07:42:33] laravel.INFO: SMS would be sent via Notifyre {"body":"Integration test message","sender":"TestApp","recipients":[{"type":"mobile_number","value":"+1234567890"}]} 
[2025-08-21 07:42:36] laravel.EMERGENCY: Unable to create configured logger. Using emergency logger. {"exception":"[object] (InvalidArgumentException(code: 0): Log [] is not defined. at /home/arbi/Desktop/hirealoo/notifyre-laravel/vendor/laravel/framework/src/Illuminate/Log/LogManager.php:222)
[stacktrace]
#0 /home/arbi/Desktop/hirealoo/notifyre-laravel/vendor/laravel/framework/src/Illuminate/Log/LogManager.php(138): Illuminate\\Log\\LogManager->resolve()
#1 /home/arbi/Desktop/hirealoo/notifyre-laravel/vendor/laravel/framework/src/Illuminate/Log/LogManager.php(125): Illuminate\\Log\\LogManager->get()
#2 /home/arbi/Desktop/hirealoo/notifyre-laravel/vendor/laravel/framework/src/Illuminate/Log/LogManager.php(744): Illuminate\\Log\\LogManager->driver()
#3 /home/arbi/Desktop/hirealoo/notifyre-laravel/vendor/laravel/framework/src/Illuminate/Support/Facades/Facade.php(363): Illuminate\\Log\\LogManager->info()
#4 /home/arbi/Desktop/hirealoo/notifyre-laravel/src/Services/Drivers/LogDriver.php(14): Illuminate\\Support\\Facades\\Facade::__callStatic()
#5 /home/arbi/Desktop/hirealoo/notifyre-laravel/src/Services/NotifyreService.php(24): Arbi\\Notifyre\\Services\\Drivers\\LogDriver->send()
#6 /home/arbi/Desktop/hirealoo/notifyre-laravel/tests/Feature/NotifyreIntegrationTest.php(75): Arbi\\Notifyre\\Services\\NotifyreService->send()
#7 /home/arbi/Desktop/hirealoo/notifyre-laravel/vendor/pestphp/pest/src/Factories/TestCaseMethodFactory.php(168): P\\Tests\\Feature\\NotifyreIntegrationTest->{closure:{closure:/home/arbi/Desktop/hirealoo/notifyre-laravel/tests/Feature/NotifyreIntegrationTest.php:18}:63}()
#8 [internal function]: P\\Tests\\Feature\\NotifyreIntegrationTest->{closure:Pest\\Factories\\TestCaseMethodFactory::getClosure():158}()
#9 /home/arbi/Desktop/hirealoo/notifyre-laravel/vendor/pestphp/pest/src/Concerns/Testable.php(419): call_user_func_array()
#10 /home/arbi/Desktop/hirealoo/notifyre-laravel/vendor/pestphp/pest/src/Support/ExceptionTrace.php(26): P\\Tests\\Feature\\NotifyreIntegrationTest->{closure:Pest\\Concerns\\Testable::__callClosure():419}()
#11 /home/arbi/Desktop/hirealoo/notifyre-laravel/vendor/pestphp/pest/src/Concerns/Testable.php(419): Pest\\Support\\ExceptionTrace::ensure()
#12 /home/arbi/Desktop/hirealoo/notifyre-laravel/vendor/pestphp/pest/src/Concerns/Testable.php(321): P\\Tests\\Feature\\NotifyreIntegrationTest->__callClosure()
#13 /home/arbi/Desktop/hirealoo/notifyre-laravel/vendor/pestphp/pest/src/Factories/TestCaseFactory.php(169) : eval()'d code(35): P\\Tests\\Feature\\NotifyreIntegrationTest->__runTest()
#14 /home/arbi/Desktop/hirealoo/notifyre-laravel/vendor/phpunit/phpunit/src/Framework/TestCase.php(1656): P\\Tests\\Feature\\NotifyreIntegrationTest->__pest_evaluable__Notifyre_Integration__→_it_uses_helper_function_to_send_SMS()
#15 /home/arbi/Desktop/hirealoo/notifyre-laravel/vendor/phpunit/phpunit/src/Framework/TestCase.php(514): PHPUnit\\Framework\\TestCase->runTest()
#16 /home/arbi/Desktop/hirealoo/notifyre-laravel/vendor/phpunit/phpunit/src/Framework/TestRunner/TestRunner.php(87): PHPUnit\\Framework\\TestCase->runBare()
#17 /home/arbi/Desktop/hirealoo/notifyre-laravel/vendor/phpunit/phpunit/src/Framework/TestCase.php(361): PHPUnit\\Framework\\TestRunner->run()
#18 /home/arbi/Desktop/hirealoo/notifyre-laravel/vendor/phpunit/phpunit/src/Framework/TestSuite.php(369): PHPUnit\\Framework\\TestCase->run()
#19 /home/arbi/Desktop/hirealoo/notifyre-laravel/vendor/phpunit/phpunit/src/Framework/TestSuite.php(369): PHPUnit\\Framework\\TestSuite->run()
#20 /home/arbi/Desktop/hirealoo/notifyre-laravel/vendor/phpunit/phpunit/src/Framework/TestSuite.php(369): PHPUnit\\Framework\\TestSuite->run()
#21 /home/arbi/Desktop/hirealoo/notifyre-laravel/vendor/phpunit/phpunit/src/TextUI/TestRunner.php(64): PHPUnit\\Framework\\TestSuite->run()
#22 /home/arbi/Desktop/hirealoo/notifyre-laravel/vendor/phpunit/phpunit/src/TextUI/Application.php(211): PHPUnit\\TextUI\\TestRunner->run()
#23 /home/arbi/Desktop/hirealoo/notifyre-laravel/vendor/pestphp/pest/src/Kernel.php(103): PHPUnit\\TextUI\\Application->run()
#24 /home/arbi/Desktop/hirealoo/notifyre-laravel/vendor/pestphp/pest/bin/pest(184): Pest\\Kernel->handle()
#25 /home/arbi/Desktop/hirealoo/notifyre-laravel/vendor/pestphp/pest/bin/pest(192): {closure:/home/arbi/Desktop/hirealoo/notifyre-laravel/vendor/pestphp/pest/bin/pest:18}()
#26 /home/arbi/Desktop/hirealoo/notifyre-laravel/vendor/bin/pest(119): include('...')
#27 {main}
"} 
[2025-08-21 07:42:36] laravel.INFO: SMS would be sent via Notifyre {"body":"Helper function test","sender":"TestApp","recipients":[{"type":"mobile_number","value":"+1234567890"}]} 
[2025-08-21 07:42:36] laravel.EMERGENCY: Unable to create configured logger. Using emergency logger. {"exception":"[object] (InvalidArgumentException(code: 0): Log [] is not defined. at /home/arbi/Desktop/hirealoo/notifyre-laravel/vendor/laravel/framework/src/Illuminate/Log/LogManager.php:222)
[stacktrace]
#0 /home/arbi/Desktop/hirealoo/notifyre-laravel/vendor/laravel/framework/src/Illuminate/Log/LogManager.php(138): Illuminate\\Log\\LogManager->resolve()
#1 /home/arbi/Desktop/hirealoo/notifyre-laravel/vendor/laravel/framework/src/Illuminate/Log/LogManager.php(125): Illuminate\\Log\\LogManager->get()
#2 /home/arbi/Desktop/hirealoo/notifyre-laravel/vendor/laravel/framework/src/Illuminate/Log/LogManager.php(744): Illuminate\\Log\\LogManager->driver()
#3 /home/arbi/Desktop/hirealoo/notifyre-laravel/vendor/laravel/framework/src/Illuminate/Support/Facades/Facade.php(363): Illuminate\\Log\\LogManager->info()
#4 /home/arbi/Desktop/hirealoo/notifyre-laravel/src/Services/Drivers/LogDriver.php(14): Illuminate\\Support\\Facades\\Facade::__callStatic()
#5 /home/arbi/Desktop/hirealoo/notifyre-laravel/src/Services/NotifyreService.php(24): Arbi\\Notifyre\\Services\\Drivers\\LogDriver->send()
#6 /home/arbi/Desktop/hirealoo/notifyre-laravel/tests/Feature/NotifyreIntegrationTest.php(94): Arbi\\Notifyre\\Services\\NotifyreService->send()
#7 /home/arbi/Desktop/hirealoo/notifyre-laravel/vendor/pestphp/pest/src/Factories/TestCaseMethodFactory.php(168): P\\Tests\\Feature\\NotifyreIntegrationTest->{closure:{closure:/home/arbi/Desktop/hirealoo/notifyre-laravel/tests/Feature/NotifyreIntegrationTest.php:18}:80}()
#8 [internal function]: P\\Tests\\Feature\\NotifyreIntegrationTest->{closure:Pest\\Factories\\TestCaseMethodFactory::getClosure():158}()
#9 /home/arbi/Desktop/hirealoo/notifyre-laravel/vendor/pestphp/pest/src/Concerns/Testable.php(419): call_user_func_array()
#10 /home/arbi/Desktop/hirealoo/notifyre-laravel/vendor/pestphp/pest/src/Support/ExceptionTrace.php(26): P\\Tests\\Feature\\NotifyreIntegrationTest->{closure:Pest\\Concerns\\Testable::__callClosure():419}()
#11 /home/arbi/Desktop/hirealoo/notifyre-laravel/vendor/pestphp/pest/src/Concerns/Testable.php(419): Pest\\Support\\ExceptionTrace::ensure()
#12 /home/arbi/Desktop/hirealoo/notifyre-laravel/vendor/pestphp/pest/src/Concerns/Testable.php(321): P\\Tests\\Feature\\NotifyreIntegrationTest->__callClosure()
#13 /home/arbi/Desktop/hirealoo/notifyre-laravel/vendor/pestphp/pest/src/Factories/TestCaseFactory.php(169) : eval()'d code(44): P\\Tests\\Feature\\NotifyreIntegrationTest->__runTest()
#14 /home/arbi/Desktop/hirealoo/notifyre-laravel/vendor/phpunit/phpunit/src/Framework/TestCase.php(1656): P\\Tests\\Feature\\NotifyreIntegrationTest->__pest_evaluable__Notifyre_Integration__→_it_handles_multiple_recipients_through_complete_flow()
#15 /home/arbi/Desktop/hirealoo/notifyre-laravel/vendor/phpunit/phpunit/src/Framework/TestCase.php(514): PHPUnit\\Framework\\TestCase->runTest()
#16 /home/arbi/Desktop/hirealoo/notifyre-laravel/vendor/phpunit/phpunit/src/Framework/TestRunner/TestRunner.php(87): PHPUnit\\Framework\\TestCase->runBare()
#17 /home/arbi/Desktop/hirealoo/notifyre-laravel/vendor/phpunit/phpunit/src/Framework/TestCase.php(361): PHPUnit\\Framework\\TestRunner->run()
#18 /home/arbi/Desktop/hirealoo/notifyre-laravel/vendor/phpunit/phpunit/src/Framework/TestSuite.php(369): PHPUnit\\Framework\\TestCase->run()
#19 /home/arbi/Desktop/hirealoo/notifyre-laravel/vendor/phpunit/phpunit/src/Framework/TestSuite.php(369): PHPUnit\\Framework\\TestSuite->run()
#20 /home/arbi/Desktop/hirealoo/notifyre-laravel/vendor/phpunit/phpunit/src/Framework/TestSuite.php(369): PHPUnit\\Framework\\TestSuite->run()
#21 /home/arbi/Desktop/hirealoo/notifyre-laravel/vendor/phpunit/phpunit/src/TextUI/TestRunner.php(64): PHPUnit\\Framework\\TestSuite->run()
#22 /home/arbi/Desktop/hirealoo/notifyre-laravel/vendor/phpunit/phpunit/src/TextUI/Application.php(211): PHPUnit\\TextUI\\TestRunner->run()
#23 /home/arbi/Desktop/hirealoo/notifyre-laravel/vendor/pestphp/pest/src/Kernel.php(103): PHPUnit\\TextUI\\Application->run()
#24 /home/arbi/Desktop/hirealoo/notifyre-laravel/vendor/pestphp/pest/bin/pest(184): Pest\\Kernel->handle()
#25 /home/arbi/Desktop/hirealoo/notifyre-laravel/vendor/pestphp/pest/bin/pest(192): {closure:/home/arbi/Desktop/hirealoo/notifyre-laravel/vendor/pestphp/pest/bin/pest:18}()
#26 /home/arbi/Desktop/hirealoo/notifyre-laravel/vendor/bin/pest(119): include('...')
#27 {main}
"} 
[2025-08-21 07:42:36] laravel.INFO: SMS would be sent via Notifyre {"body":"Multi-recipient test","sender":"TestApp","recipients":[{"type":"mobile_number","value":"+1234567890"},{"type":"contact","value":"contact123"},{"type":"group","value":"group456"}]} 
[2025-08-21 07:42:36] laravel.EMERGENCY: Unable to create configured logger. Using emergency logger. {"exception":"[object] (InvalidArgumentException(code: 0): Log [] is not defined. at /home/arbi/Desktop/hirealoo/notifyre-laravel/vendor/laravel/framework/src/Illuminate/Log/LogManager.php:222)
[stacktrace]
#0 /home/arbi/Desktop/hirealoo/notifyre-laravel/vendor/laravel/framework/src/Illuminate/Log/LogManager.php(138): Illuminate\\Log\\LogManager->resolve()
#1 /home/arbi/Desktop/hirealoo/notifyre-laravel/vendor/laravel/framework/src/Illuminate/Log/LogManager.php(125): Illuminate\\Log\\LogManager->get()
#2 /home/arbi/Desktop/hirealoo/notifyre-laravel/vendor/laravel/framework/src/Illuminate/Log/LogManager.php(744): Illuminate\\Log\\LogManager->driver()
#3 /home/arbi/Desktop/hirealoo/notifyre-laravel/vendor/laravel/framework/src/Illuminate/Support/Facades/Facade.php(363): Illuminate\\Log\\LogManager->info()
#4 /home/arbi/Desktop/hirealoo/notifyre-laravel/src/Services/Drivers/LogDriver.php(14): Illuminate\\Support\\Facades\\Facade::__callStatic()
#5 /home/arbi/Desktop/hirealoo/notifyre-laravel/src/Services/NotifyreService.php(24): Arbi\\Notifyre\\Services\\Drivers\\LogDriver->send()
#6 /home/arbi/Desktop/hirealoo/notifyre-laravel/tests/Feature/NotifyreIntegrationTest.php(111): Arbi\\Notifyre\\Services\\NotifyreService->send()
#7 /home/arbi/Desktop/hirealoo/notifyre-laravel/vendor/pestphp/pest/src/Factories/TestCaseMethodFactory.php(168): P\\Tests\\Feature\\NotifyreIntegrationTest->{closure:{closure:/home/arbi/Desktop/hirealoo/notifyre-laravel/tests/Feature/NotifyreIntegrationTest.php:18}:99}()
#8 [internal function]: P\\Tests\\Feature\\NotifyreIntegrationTest->{closure:Pest\\Factories\\TestCaseMethodFactory::getClosure():158}()
#9 /home/arbi/Desktop/hirealoo/notifyre-laravel/vendor/pestphp/pest/src/Concerns/Testable.php(419): call_user_func_array()
#10 /home/arbi/Desktop/hirealoo/notifyre-laravel/vendor/pestphp/pest/src/Support/ExceptionTrace.php(26): P\\Tests\\Feature\\NotifyreIntegrationTest->{closure:Pest\\Concerns\\Testable::__callClosure():419}()
#11 /home/arbi/Desktop/hirealoo/notifyre-laravel/vendor/pestphp/pest/src/Concerns/Testable.php(419): Pest\\Support\\ExceptionTrace::ensure()
#12 /home/arbi/Desktop/hirealoo/notifyre-laravel/vendor/pestphp/pest/src/Concerns/Testable.php(321): P\\Tests\\Feature\\NotifyreIntegrationTest->__callClosure()
#13 /home/arbi/Desktop/hirealoo/notifyre-laravel/vendor/pestphp/pest/src/Factories/TestCaseFactory.php(169) : eval()'d code(53): P\\Tests\\Feature\\NotifyreIntegrationTest->__runTest()
#14 /home/arbi/Desktop/hirealoo/notifyre-laravel/vendor/phpunit/phpunit/src/Framework/TestCase.php(1656): P\\Tests\\Feature\\NotifyreIntegrationTest->__pest_evaluable__Notifyre_Integration__→_it_handles_empty_sender_through_complete_flow()
#15 /home/arbi/Desktop/hirealoo/notifyre-laravel/vendor/phpunit/phpunit/src/Framework/TestCase.php(514): PHPUnit\\Framework\\TestCase->runTest()
#16 /home/arbi/Desktop/hirealoo/notifyre-laravel/vendor/phpunit/phpunit/src/Framework/TestRunner/TestRunner.php(87): PHPUnit\\Framework\\TestCase->runBare()
#17 /home/arbi/Desktop/hirealoo/notifyre-laravel/vendor/phpunit/phpunit/src/Framework/TestCase.php(361): PHPUnit\\Framework\\TestRunner->run()
#18 /home/arbi/Desktop/hirealoo/notifyre-laravel/vendor/phpunit/phpunit/src/Framework/TestSuite.php(369): PHPUnit\\Framework\\TestCase->run()
#19 /home/arbi/Desktop/hirealoo/notifyre-laravel/vendor/phpunit/phpunit/src/Framework/TestSuite.php(369): PHPUnit\\Framework\\TestSuite->run()
#20 /home/arbi/Desktop/hirealoo/notifyre-laravel/vendor/phpunit/phpunit/src/Framework/TestSuite.php(369): PHPUnit\\Framework\\TestSuite->run()
#21 /home/arbi/Desktop/hirealoo/notifyre-laravel/vendor/phpunit/phpunit/src/TextUI/TestRunner.php(64): PHPUnit\\Framework\\TestSuite->run()
#22 /home/arbi/Desktop/hirealoo/notifyre-laravel/vendor/phpunit/phpunit/src/TextUI/Application.php(211): PHPUnit\\TextUI\\TestRunner->run()
#23 /home/arbi/Desktop/hirealoo/notifyre-laravel/vendor/pestphp/pest/src/Kernel.php(103): PHPUnit\\TextUI\\Application->run()
#24 /home/arbi/Desktop/hirealoo/notifyre-laravel/vendor/pestphp/pest/bin/pest(184): Pest\\Kernel->handle()
#25 /home/arbi/Desktop/hirealoo/notifyre-laravel/vendor/pestphp/pest/bin/pest(192): {closure:/home/arbi/Desktop/hirealoo/notifyre-laravel/vendor/pestphp/pest/bin/pest:18}()
#26 /home/arbi/Desktop/hirealoo/notifyre-laravel/vendor/bin/pest(119): include('...')
#27 {main}
"} 
[2025-08-21 07:42:36] laravel.INFO: SMS would be sent via Notifyre {"body":"No sender test","sender":"(auto-assigned by token)","recipients":[{"type":"mobile_number","value":"+1234567890"}]} 
[2025-08-21 07:55:24] laravel.EMERGENCY: Unable to create configured logger. Using emergency logger. {"exception":"[object] (InvalidArgumentException(code: 0): Log [] is not defined. at /home/arbi/Desktop/hirealoo/notifyre-laravel/vendor/laravel/framework/src/Illuminate/Log/LogManager.php:222)
[stacktrace]
#0 /home/arbi/Desktop/hirealoo/notifyre-laravel/vendor/laravel/framework/src/Illuminate/Log/LogManager.php(138): Illuminate\\Log\\LogManager->resolve()
#1 /home/arbi/Desktop/hirealoo/notifyre-laravel/vendor/laravel/framework/src/Illuminate/Log/LogManager.php(125): Illuminate\\Log\\LogManager->get()
#2 /home/arbi/Desktop/hirealoo/notifyre-laravel/vendor/laravel/framework/src/Illuminate/Log/LogManager.php(744): Illuminate\\Log\\LogManager->driver()
#3 /home/arbi/Desktop/hirealoo/notifyre-laravel/vendor/laravel/framework/src/Illuminate/Support/Facades/Facade.php(363): Illuminate\\Log\\LogManager->info()
#4 /home/arbi/Desktop/hirealoo/notifyre-laravel/src/Services/Drivers/LogDriver.php(14): Illuminate\\Support\\Facades\\Facade::__callStatic()
#5 /home/arbi/Desktop/hirealoo/notifyre-laravel/src/Services/NotifyreService.php(24): Arbi\\Notifyre\\Services\\Drivers\\LogDriver->send()
#6 /home/arbi/Desktop/hirealoo/notifyre-laravel/tests/Feature/NotifyreIntegrationTest.php(40): Arbi\\Notifyre\\Services\\NotifyreService->send()
#7 /home/arbi/Desktop/hirealoo/notifyre-laravel/vendor/pestphp/pest/src/Factories/TestCaseMethodFactory.php(168): P\\Tests\\Feature\\NotifyreIntegrationTest->{closure:{closure:/home/arbi/Desktop/hirealoo/notifyre-laravel/tests/Feature/NotifyreIntegrationTest.php:17}:28}()
#8 [internal function]: P\\Tests\\Feature\\NotifyreIntegrationTest->{closure:Pest\\Factories\\TestCaseMethodFactory::getClosure():158}()
#9 /home/arbi/Desktop/hirealoo/notifyre-laravel/vendor/pestphp/pest/src/Concerns/Testable.php(419): call_user_func_array()
#10 /home/arbi/Desktop/hirealoo/notifyre-laravel/vendor/pestphp/pest/src/Support/ExceptionTrace.php(26): P\\Tests\\Feature\\NotifyreIntegrationTest->{closure:Pest\\Concerns\\Testable::__callClosure():419}()
#11 /home/arbi/Desktop/hirealoo/notifyre-laravel/vendor/pestphp/pest/src/Concerns/Testable.php(419): Pest\\Support\\ExceptionTrace::ensure()
#12 /home/arbi/Desktop/hirealoo/notifyre-laravel/vendor/pestphp/pest/src/Concerns/Testable.php(321): P\\Tests\\Feature\\NotifyreIntegrationTest->__callClosure()
#13 /home/arbi/Desktop/hirealoo/notifyre-laravel/vendor/pestphp/pest/src/Factories/TestCaseFactory.php(169) : eval()'d code(17): P\\Tests\\Feature\\NotifyreIntegrationTest->__runTest()
#14 /home/arbi/Desktop/hirealoo/notifyre-laravel/vendor/phpunit/phpunit/src/Framework/TestCase.php(1656): P\\Tests\\Feature\\NotifyreIntegrationTest->__pest_evaluable__Notifyre_Integration__→_it_sends_SMS_through_complete_flow_with_log_driver()
#15 /home/arbi/Desktop/hirealoo/notifyre-laravel/vendor/phpunit/phpunit/src/Framework/TestCase.php(514): PHPUnit\\Framework\\TestCase->runTest()
#16 /home/arbi/Desktop/hirealoo/notifyre-laravel/vendor/phpunit/phpunit/src/Framework/TestRunner/TestRunner.php(87): PHPUnit\\Framework\\TestCase->runBare()
#17 /home/arbi/Desktop/hirealoo/notifyre-laravel/vendor/phpunit/phpunit/src/Framework/TestCase.php(361): PHPUnit\\Framework\\TestRunner->run()
#18 /home/arbi/Desktop/hirealoo/notifyre-laravel/vendor/phpunit/phpunit/src/Framework/TestSuite.php(369): PHPUnit\\Framework\\TestCase->run()
#19 /home/arbi/Desktop/hirealoo/notifyre-laravel/vendor/phpunit/phpunit/src/Framework/TestSuite.php(369): PHPUnit\\Framework\\TestSuite->run()
#20 /home/arbi/Desktop/hirealoo/notifyre-laravel/vendor/phpunit/phpunit/src/Framework/TestSuite.php(369): PHPUnit\\Framework\\TestSuite->run()
#21 /home/arbi/Desktop/hirealoo/notifyre-laravel/vendor/phpunit/phpunit/src/TextUI/TestRunner.php(64): PHPUnit\\Framework\\TestSuite->run()
#22 /home/arbi/Desktop/hirealoo/notifyre-laravel/vendor/phpunit/phpunit/src/TextUI/Application.php(211): PHPUnit\\TextUI\\TestRunner->run()
#23 /home/arbi/Desktop/hirealoo/notifyre-laravel/vendor/pestphp/pest/src/Kernel.php(103): PHPUnit\\TextUI\\Application->run()
#24 /home/arbi/Desktop/hirealoo/notifyre-laravel/vendor/pestphp/pest/bin/pest(184): Pest\\Kernel->handle()
#25 /home/arbi/Desktop/hirealoo/notifyre-laravel/vendor/pestphp/pest/bin/pest(192): {closure:/home/arbi/Desktop/hirealoo/notifyre-laravel/vendor/pestphp/pest/bin/pest:18}()
#26 /home/arbi/Desktop/hirealoo/notifyre-laravel/vendor/bin/pest(119): include('...')
#27 {main}
"} 
[2025-08-21 07:55:24] laravel.INFO: SMS would be sent via Notifyre {"body":"Integration test message","sender":"TestApp","recipients":[{"type":"mobile_number","value":"+1234567890"}]} 
[2025-08-21 07:55:27] laravel.EMERGENCY: Unable to create configured logger. Using emergency logger. {"exception":"[object] (InvalidArgumentException(code: 0): Log [] is not defined. at /home/arbi/Desktop/hirealoo/notifyre-laravel/vendor/laravel/framework/src/Illuminate/Log/LogManager.php:222)
[stacktrace]
#0 /home/arbi/Desktop/hirealoo/notifyre-laravel/vendor/laravel/framework/src/Illuminate/Log/LogManager.php(138): Illuminate\\Log\\LogManager->resolve()
#1 /home/arbi/Desktop/hirealoo/notifyre-laravel/vendor/laravel/framework/src/Illuminate/Log/LogManager.php(125): Illuminate\\Log\\LogManager->get()
#2 /home/arbi/Desktop/hirealoo/notifyre-laravel/vendor/laravel/framework/src/Illuminate/Log/LogManager.php(744): Illuminate\\Log\\LogManager->driver()
#3 /home/arbi/Desktop/hirealoo/notifyre-laravel/vendor/laravel/framework/src/Illuminate/Support/Facades/Facade.php(363): Illuminate\\Log\\LogManager->info()
#4 /home/arbi/Desktop/hirealoo/notifyre-laravel/src/Services/Drivers/LogDriver.php(14): Illuminate\\Support\\Facades\\Facade::__callStatic()
#5 /home/arbi/Desktop/hirealoo/notifyre-laravel/src/Services/NotifyreService.php(24): Arbi\\Notifyre\\Services\\Drivers\\LogDriver->send()
#6 /home/arbi/Desktop/hirealoo/notifyre-laravel/tests/Feature/NotifyreIntegrationTest.php(74): Arbi\\Notifyre\\Services\\NotifyreService->send()
#7 /home/arbi/Desktop/hirealoo/notifyre-laravel/vendor/pestphp/pest/src/Factories/TestCaseMethodFactory.php(168): P\\Tests\\Feature\\NotifyreIntegrationTest->{closure:{closure:/home/arbi/Desktop/hirealoo/notifyre-laravel/tests/Feature/NotifyreIntegrationTest.php:17}:62}()
#8 [internal function]: P\\Tests\\Feature\\NotifyreIntegrationTest->{closure:Pest\\Factories\\TestCaseMethodFactory::getClosure():158}()
#9 /home/arbi/Desktop/hirealoo/notifyre-laravel/vendor/pestphp/pest/src/Concerns/Testable.php(419): call_user_func_array()
#10 /home/arbi/Desktop/hirealoo/notifyre-laravel/vendor/pestphp/pest/src/Support/ExceptionTrace.php(26): P\\Tests\\Feature\\NotifyreIntegrationTest->{closure:Pest\\Concerns\\Testable::__callClosure():419}()
#11 /home/arbi/Desktop/hirealoo/notifyre-laravel/vendor/pestphp/pest/src/Concerns/Testable.php(419): Pest\\Support\\ExceptionTrace::ensure()
#12 /home/arbi/Desktop/hirealoo/notifyre-laravel/vendor/pestphp/pest/src/Concerns/Testable.php(321): P\\Tests\\Feature\\NotifyreIntegrationTest->__callClosure()
#13 /home/arbi/Desktop/hirealoo/notifyre-laravel/vendor/pestphp/pest/src/Factories/TestCaseFactory.php(169) : eval()'d code(35): P\\Tests\\Feature\\NotifyreIntegrationTest->__runTest()
#14 /home/arbi/Desktop/hirealoo/notifyre-laravel/vendor/phpunit/phpunit/src/Framework/TestCase.php(1656): P\\Tests\\Feature\\NotifyreIntegrationTest->__pest_evaluable__Notifyre_Integration__→_it_uses_helper_function_to_send_SMS()
#15 /home/arbi/Desktop/hirealoo/notifyre-laravel/vendor/phpunit/phpunit/src/Framework/TestCase.php(514): PHPUnit\\Framework\\TestCase->runTest()
#16 /home/arbi/Desktop/hirealoo/notifyre-laravel/vendor/phpunit/phpunit/src/Framework/TestRunner/TestRunner.php(87): PHPUnit\\Framework\\TestCase->runBare()
#17 /home/arbi/Desktop/hirealoo/notifyre-laravel/vendor/phpunit/phpunit/src/Framework/TestCase.php(361): PHPUnit\\Framework\\TestRunner->run()
#18 /home/arbi/Desktop/hirealoo/notifyre-laravel/vendor/phpunit/phpunit/src/Framework/TestSuite.php(369): PHPUnit\\Framework\\TestCase->run()
#19 /home/arbi/Desktop/hirealoo/notifyre-laravel/vendor/phpunit/phpunit/src/Framework/TestSuite.php(369): PHPUnit\\Framework\\TestSuite->run()
#20 /home/arbi/Desktop/hirealoo/notifyre-laravel/vendor/phpunit/phpunit/src/Framework/TestSuite.php(369): PHPUnit\\Framework\\TestSuite->run()
#21 /home/arbi/Desktop/hirealoo/notifyre-laravel/vendor/phpunit/phpunit/src/TextUI/TestRunner.php(64): PHPUnit\\Framework\\TestSuite->run()
#22 /home/arbi/Desktop/hirealoo/notifyre-laravel/vendor/phpunit/phpunit/src/TextUI/Application.php(211): PHPUnit\\TextUI\\TestRunner->run()
#23 /home/arbi/Desktop/hirealoo/notifyre-laravel/vendor/pestphp/pest/src/Kernel.php(103): PHPUnit\\TextUI\\Application->run()
#24 /home/arbi/Desktop/hirealoo/notifyre-laravel/vendor/pestphp/pest/bin/pest(184): Pest\\Kernel->handle()
#25 /home/arbi/Desktop/hirealoo/notifyre-laravel/vendor/pestphp/pest/bin/pest(192): {closure:/home/arbi/Desktop/hirealoo/notifyre-laravel/vendor/pestphp/pest/bin/pest:18}()
#26 /home/arbi/Desktop/hirealoo/notifyre-laravel/vendor/bin/pest(119): include('...')
#27 {main}
"} 
[2025-08-21 07:55:27] laravel.INFO: SMS would be sent via Notifyre {"body":"Helper function test","sender":"TestApp","recipients":[{"type":"mobile_number","value":"+1234567890"}]} 
[2025-08-21 07:55:27] laravel.EMERGENCY: Unable to create configured logger. Using emergency logger. {"exception":"[object] (InvalidArgumentException(code: 0): Log [] is not defined. at /home/arbi/Desktop/hirealoo/notifyre-laravel/vendor/laravel/framework/src/Illuminate/Log/LogManager.php:222)
[stacktrace]
#0 /home/arbi/Desktop/hirealoo/notifyre-laravel/vendor/laravel/framework/src/Illuminate/Log/LogManager.php(138): Illuminate\\Log\\LogManager->resolve()
#1 /home/arbi/Desktop/hirealoo/notifyre-laravel/vendor/laravel/framework/src/Illuminate/Log/LogManager.php(125): Illuminate\\Log\\LogManager->get()
#2 /home/arbi/Desktop/hirealoo/notifyre-laravel/vendor/laravel/framework/src/Illuminate/Log/LogManager.php(744): Illuminate\\Log\\LogManager->driver()
#3 /home/arbi/Desktop/hirealoo/notifyre-laravel/vendor/laravel/framework/src/Illuminate/Support/Facades/Facade.php(363): Illuminate\\Log\\LogManager->info()
#4 /home/arbi/Desktop/hirealoo/notifyre-laravel/src/Services/Drivers/LogDriver.php(14): Illuminate\\Support\\Facades\\Facade::__callStatic()
#5 /home/arbi/Desktop/hirealoo/notifyre-laravel/src/Services/NotifyreService.php(24): Arbi\\Notifyre\\Services\\Drivers\\LogDriver->send()
#6 /home/arbi/Desktop/hirealoo/notifyre-laravel/tests/Feature/NotifyreIntegrationTest.php(93): Arbi\\Notifyre\\Services\\NotifyreService->send()
#7 /home/arbi/Desktop/hirealoo/notifyre-laravel/vendor/pestphp/pest/src/Factories/TestCaseMethodFactory.php(168): P\\Tests\\Feature\\NotifyreIntegrationTest->{closure:{closure:/home/arbi/Desktop/hirealoo/notifyre-laravel/tests/Feature/NotifyreIntegrationTest.php:17}:79}()
#8 [internal function]: P\\Tests\\Feature\\NotifyreIntegrationTest->{closure:Pest\\Factories\\TestCaseMethodFactory::getClosure():158}()
#9 /home/arbi/Desktop/hirealoo/notifyre-laravel/vendor/pestphp/pest/src/Concerns/Testable.php(419): call_user_func_array()
#10 /home/arbi/Desktop/hirealoo/notifyre-laravel/vendor/pestphp/pest/src/Support/ExceptionTrace.php(26): P\\Tests\\Feature\\NotifyreIntegrationTest->{closure:Pest\\Concerns\\Testable::__callClosure():419}()
#11 /home/arbi/Desktop/hirealoo/notifyre-laravel/vendor/pestphp/pest/src/Concerns/Testable.php(419): Pest\\Support\\ExceptionTrace::ensure()
#12 /home/arbi/Desktop/hirealoo/notifyre-laravel/vendor/pestphp/pest/src/Concerns/Testable.php(321): P\\Tests\\Feature\\NotifyreIntegrationTest->__callClosure()
#13 /home/arbi/Desktop/hirealoo/notifyre-laravel/vendor/pestphp/pest/src/Factories/TestCaseFactory.php(169) : eval()'d code(44): P\\Tests\\Feature\\NotifyreIntegrationTest->__runTest()
#14 /home/arbi/Desktop/hirealoo/notifyre-laravel/vendor/phpunit/phpunit/src/Framework/TestCase.php(1656): P\\Tests\\Feature\\NotifyreIntegrationTest->__pest_evaluable__Notifyre_Integration__→_it_handles_multiple_recipients_through_complete_flow()
#15 /home/arbi/Desktop/hirealoo/notifyre-laravel/vendor/phpunit/phpunit/src/Framework/TestCase.php(514): PHPUnit\\Framework\\TestCase->runTest()
#16 /home/arbi/Desktop/hirealoo/notifyre-laravel/vendor/phpunit/phpunit/src/Framework/TestRunner/TestRunner.php(87): PHPUnit\\Framework\\TestCase->runBare()
#17 /home/arbi/Desktop/hirealoo/notifyre-laravel/vendor/phpunit/phpunit/src/Framework/TestCase.php(361): PHPUnit\\Framework\\TestRunner->run()
#18 /home/arbi/Desktop/hirealoo/notifyre-laravel/vendor/phpunit/phpunit/src/Framework/TestSuite.php(369): PHPUnit\\Framework\\TestCase->run()
#19 /home/arbi/Desktop/hirealoo/notifyre-laravel/vendor/phpunit/phpunit/src/Framework/TestSuite.php(369): PHPUnit\\Framework\\TestSuite->run()
#20 /home/arbi/Desktop/hirealoo/notifyre-laravel/vendor/phpunit/phpunit/src/Framework/TestSuite.php(369): PHPUnit\\Framework\\TestSuite->run()
#21 /home/arbi/Desktop/hirealoo/notifyre-laravel/vendor/phpunit/phpunit/src/TextUI/TestRunner.php(64): PHPUnit\\Framework\\TestSuite->run()
#22 /home/arbi/Desktop/hirealoo/notifyre-laravel/vendor/phpunit/phpunit/src/TextUI/Application.php(211): PHPUnit\\TextUI\\TestRunner->run()
#23 /home/arbi/Desktop/hirealoo/notifyre-laravel/vendor/pestphp/pest/src/Kernel.php(103): PHPUnit\\TextUI\\Application->run()
#24 /home/arbi/Desktop/hirealoo/notifyre-laravel/vendor/pestphp/pest/bin/pest(184): Pest\\Kernel->handle()
#25 /home/arbi/Desktop/hirealoo/notifyre-laravel/vendor/pestphp/pest/bin/pest(192): {closure:/home/arbi/Desktop/hirealoo/notifyre-laravel/vendor/pestphp/pest/bin/pest:18}()
#26 /home/arbi/Desktop/hirealoo/notifyre-laravel/vendor/bin/pest(119): include('...')
#27 {main}
"} 
[2025-08-21 07:55:27] laravel.INFO: SMS would be sent via Notifyre {"body":"Multi-recipient test","sender":"TestApp","recipients":[{"type":"mobile_number","value":"+1234567890"},{"type":"contact","value":"contact123"},{"type":"group","value":"group456"}]} 
[2025-08-21 07:55:27] laravel.EMERGENCY: Unable to create configured logger. Using emergency logger. {"exception":"[object] (InvalidArgumentException(code: 0): Log [] is not defined. at /home/arbi/Desktop/hirealoo/notifyre-laravel/vendor/laravel/framework/src/Illuminate/Log/LogManager.php:222)
[stacktrace]
#0 /home/arbi/Desktop/hirealoo/notifyre-laravel/vendor/laravel/framework/src/Illuminate/Log/LogManager.php(138): Illuminate\\Log\\LogManager->resolve()
#1 /home/arbi/Desktop/hirealoo/notifyre-laravel/vendor/laravel/framework/src/Illuminate/Log/LogManager.php(125): Illuminate\\Log\\LogManager->get()
#2 /home/arbi/Desktop/hirealoo/notifyre-laravel/vendor/laravel/framework/src/Illuminate/Log/LogManager.php(744): Illuminate\\Log\\LogManager->driver()
#3 /home/arbi/Desktop/hirealoo/notifyre-laravel/vendor/laravel/framework/src/Illuminate/Support/Facades/Facade.php(363): Illuminate\\Log\\LogManager->info()
#4 /home/arbi/Desktop/hirealoo/notifyre-laravel/src/Services/Drivers/LogDriver.php(14): Illuminate\\Support\\Facades\\Facade::__callStatic()
#5 /home/arbi/Desktop/hirealoo/notifyre-laravel/src/Services/NotifyreService.php(24): Arbi\\Notifyre\\Services\\Drivers\\LogDriver->send()
#6 /home/arbi/Desktop/hirealoo/notifyre-laravel/tests/Feature/NotifyreIntegrationTest.php(110): Arbi\\Notifyre\\Services\\NotifyreService->send()
#7 /home/arbi/Desktop/hirealoo/notifyre-laravel/vendor/pestphp/pest/src/Factories/TestCaseMethodFactory.php(168): P\\Tests\\Feature\\NotifyreIntegrationTest->{closure:{closure:/home/arbi/Desktop/hirealoo/notifyre-laravel/tests/Feature/NotifyreIntegrationTest.php:17}:98}()
#8 [internal function]: P\\Tests\\Feature\\NotifyreIntegrationTest->{closure:Pest\\Factories\\TestCaseMethodFactory::getClosure():158}()
#9 /home/arbi/Desktop/hirealoo/notifyre-laravel/vendor/pestphp/pest/src/Concerns/Testable.php(419): call_user_func_array()
#10 /home/arbi/Desktop/hirealoo/notifyre-laravel/vendor/pestphp/pest/src/Support/ExceptionTrace.php(26): P\\Tests\\Feature\\NotifyreIntegrationTest->{closure:Pest\\Concerns\\Testable::__callClosure():419}()
#11 /home/arbi/Desktop/hirealoo/notifyre-laravel/vendor/pestphp/pest/src/Concerns/Testable.php(419): Pest\\Support\\ExceptionTrace::ensure()
#12 /home/arbi/Desktop/hirealoo/notifyre-laravel/vendor/pestphp/pest/src/Concerns/Testable.php(321): P\\Tests\\Feature\\NotifyreIntegrationTest->__callClosure()
#13 /home/arbi/Desktop/hirealoo/notifyre-laravel/vendor/pestphp/pest/src/Factories/TestCaseFactory.php(169) : eval()'d code(53): P\\Tests\\Feature\\NotifyreIntegrationTest->__runTest()
#14 /home/arbi/Desktop/hirealoo/notifyre-laravel/vendor/phpunit/phpunit/src/Framework/TestCase.php(1656): P\\Tests\\Feature\\NotifyreIntegrationTest->__pest_evaluable__Notifyre_Integration__→_it_handles_empty_sender_through_complete_flow()
#15 /home/arbi/Desktop/hirealoo/notifyre-laravel/vendor/phpunit/phpunit/src/Framework/TestCase.php(514): PHPUnit\\Framework\\TestCase->runTest()
#16 /home/arbi/Desktop/hirealoo/notifyre-laravel/vendor/phpunit/phpunit/src/Framework/TestRunner/TestRunner.php(87): PHPUnit\\Framework\\TestCase->runBare()
#17 /home/arbi/Desktop/hirealoo/notifyre-laravel/vendor/phpunit/phpunit/src/Framework/TestCase.php(361): PHPUnit\\Framework\\TestRunner->run()
#18 /home/arbi/Desktop/hirealoo/notifyre-laravel/vendor/phpunit/phpunit/src/Framework/TestSuite.php(369): PHPUnit\\Framework\\TestCase->run()
#19 /home/arbi/Desktop/hirealoo/notifyre-laravel/vendor/phpunit/phpunit/src/Framework/TestSuite.php(369): PHPUnit\\Framework\\TestSuite->run()
#20 /home/arbi/Desktop/hirealoo/notifyre-laravel/vendor/phpunit/phpunit/src/Framework/TestSuite.php(369): PHPUnit\\Framework\\TestSuite->run()
#21 /home/arbi/Desktop/hirealoo/notifyre-laravel/vendor/phpunit/phpunit/src/TextUI/TestRunner.php(64): PHPUnit\\Framework\\TestSuite->run()
#22 /home/arbi/Desktop/hirealoo/notifyre-laravel/vendor/phpunit/phpunit/src/TextUI/Application.php(211): PHPUnit\\TextUI\\TestRunner->run()
#23 /home/arbi/Desktop/hirealoo/notifyre-laravel/vendor/pestphp/pest/src/Kernel.php(103): PHPUnit\\TextUI\\Application->run()
#24 /home/arbi/Desktop/hirealoo/notifyre-laravel/vendor/pestphp/pest/bin/pest(184): Pest\\Kernel->handle()
#25 /home/arbi/Desktop/hirealoo/notifyre-laravel/vendor/pestphp/pest/bin/pest(192): {closure:/home/arbi/Desktop/hirealoo/notifyre-laravel/vendor/pestphp/pest/bin/pest:18}()
#26 /home/arbi/Desktop/hirealoo/notifyre-laravel/vendor/bin/pest(119): include('...')
#27 {main}
"} 
[2025-08-21 07:55:27] laravel.INFO: SMS would be sent via Notifyre {"body":"No sender test","sender":"(auto-assigned by token)","recipients":[{"type":"mobile_number","value":"+1234567890"}]} 
